# JRE version: OpenJDK Runtime Environment (8.0_212-b04) (build 1.8.0_212-b04)
# Java VM: OpenJDK 64-Bit Server VM (25.212-b04 mixed mode windows-amd64 compressed oops)
Heap:
 PSYoungGen      total 1305088K, used 975220K [0x000000076ab00000, 0x00000007bfd00000, 0x00000007c0000000)
  eden space 1223168K, 79% used [0x000000076ab00000,0x00000007a635d2e0,0x00000007b5580000)
  from space 81920K, 0% used [0x00000007b5580000,0x00000007b5580000,0x00000007ba580000)
  to   space 78848K, 0% used [0x00000007bb000000,0x00000007bb000000,0x00000007bfd00000)
 ParOldGen       total 1193984K, used 379793K [0x00000006c0000000, 0x0000000708e00000, 0x000000076ab00000)
  object space 1193984K, 31% used [0x00000006c0000000,0x00000006d72e4548,0x0000000708e00000)
 Metaspace       used 97695K, capacity 107977K, committed 108196K, reserved 1140736K
  class space    used 14034K, capacity 16488K, committed 16588K, reserved 1048576K
GC Heap History (10 events):
Event: 18.039 GC heap before
{Heap before GC invocations=57 (full 3):
 PSYoungGen      total 1307648K, used 1267309K [0x000000076ab00000, 0x00000007c0000000, 0x00000007c0000000)
  eden space 1217536K, 100% used [0x000000076ab00000,0x00000007b5000000,0x00000007b5000000)
  from space 90112K, 55% used [0x00000007b5000000,0x00000007b809b500,0x00000007ba800000)
  to   space 89600K, 0% used [0x00000007ba880000,0x00000007ba880000,0x00000007c0000000)
 ParOldGen       total 791040K, used 369905K [0x00000006c0000000, 0x00000006f0480000, 0x000000076ab00000)
  object space 791040K, 46% used [0x00000006c0000000,0x00000006d693c5b8,0x00000006f0480000)
 Metaspace       used 87026K, capacity 96199K, committed 96420K, reserved 1130496K
  class space    used 12808K, capacity 14983K, committed 15052K, reserved 1048576K
Event: 18.058 GC heap after
Heap after GC invocations=57 (full 3):
 PSYoungGen      total 1305088K, used 48854K [0x000000076ab00000, 0x00000007bfd80000, 0x00000007c0000000)
  eden space 1218048K, 0% used [0x000000076ab00000,0x000000076ab00000,0x00000007b5080000)
  from space 87040K, 56% used [0x00000007ba880000,0x00000007bd8358e0,0x00000007bfd80000)
  to   space 88576K, 0% used [0x00000007b5080000,0x00000007b5080000,0x00000007ba700000)
 ParOldGen       total 791040K, used 373536K [0x00000006c0000000, 0x00000006f0480000, 0x000000076ab00000)
  object space 791040K, 47% used [0x00000006c0000000,0x00000006d6cc80a8,0x00000006f0480000)
 Metaspace       used 87026K, capacity 96199K, committed 96420K, reserved 1130496K
  class space    used 12808K, capacity 14983K, committed 15052K, reserved 1048576K
}
Event: 18.355 GC heap before
{Heap before GC invocations=58 (full 3):
 PSYoungGen      total 1305088K, used 1266902K [0x000000076ab00000, 0x00000007bfd80000, 0x00000007c0000000)
  eden space 1218048K, 100% used [0x000000076ab00000,0x00000007b5080000,0x00000007b5080000)
  from space 87040K, 56% used [0x00000007ba880000,0x00000007bd8358e0,0x00000007bfd80000)
  to   space 88576K, 0% used [0x00000007b5080000,0x00000007b5080000,0x00000007ba700000)
 ParOldGen       total 791040K, used 373536K [0x00000006c0000000, 0x00000006f0480000, 0x000000076ab00000)
  object space 791040K, 47% used [0x00000006c0000000,0x00000006d6cc80a8,0x00000006f0480000)
 Metaspace       used 87050K, capacity 96267K, committed 96420K, reserved 1130496K
  class space    used 12808K, capacity 14983K, committed 15052K, reserved 1048576K
Event: 18.372 GC heap after
Heap after GC invocations=58 (full 3):
 PSYoungGen      total 1306624K, used 45045K [0x000000076ab00000, 0x00000007bfc80000, 0x00000007c0000000)
  eden space 1218048K, 0% used [0x000000076ab00000,0x000000076ab00000,0x00000007b5080000)
  from space 88576K, 50% used [0x00000007b5080000,0x00000007b7c7d7c8,0x00000007ba700000)
  to   space 86016K, 0% used [0x00000007ba880000,0x00000007ba880000,0x00000007bfc80000)
 ParOldGen       total 791040K, used 378005K [0x00000006c0000000, 0x00000006f0480000, 0x000000076ab00000)
  object space 791040K, 47% used [0x00000006c0000000,0x00000006d71254e0,0x00000006f0480000)
 Metaspace       used 87050K, capacity 96267K, committed 96420K, reserved 1130496K
  class space    used 12808K, capacity 14983K, committed 15052K, reserved 1048576K
}
Event: 18.701 GC heap before
{Heap before GC invocations=59 (full 3):
 PSYoungGen      total 1306624K, used 1263093K [0x000000076ab00000, 0x00000007bfc80000, 0x00000007c0000000)
  eden space 1218048K, 100% used [0x000000076ab00000,0x00000007b5080000,0x00000007b5080000)
  from space 88576K, 50% used [0x00000007b5080000,0x00000007b7c7d7c8,0x00000007ba700000)
  to   space 86016K, 0% used [0x00000007ba880000,0x00000007ba880000,0x00000007bfc80000)
 ParOldGen       total 791040K, used 378005K [0x00000006c0000000, 0x00000006f0480000, 0x000000076ab00000)
  object space 791040K, 47% used [0x00000006c0000000,0x00000006d71254e0,0x00000006f0480000)
 Metaspace       used 87071K, capacity 96331K, committed 96420K, reserved 1130496K
  class space    used 12808K, capacity 14983K, committed 15052K, reserved 1048576K
Event: 18.718 GC heap after
Heap after GC invocations=59 (full 3):
 PSYoungGen      total 1302016K, used 36501K [0x000000076ab00000, 0x00000007bf580000, 0x00000007c0000000)
  eden space 1223168K, 0% used [0x000000076ab00000,0x000000076ab00000,0x00000007b5580000)
  from space 78848K, 46% used [0x00000007ba880000,0x00000007bcc25420,0x00000007bf580000)
  to   space 81920K, 0% used [0x00000007b5580000,0x00000007b5580000,0x00000007ba580000)
 ParOldGen       total 791040K, used 387307K [0x00000006c0000000, 0x00000006f0480000, 0x000000076ab00000)
  object space 791040K, 48% used [0x00000006c0000000,0x00000006d7a3ac80,0x00000006f0480000)
 Metaspace       used 87071K, capacity 96331K, committed 96420K, reserved 1130496K
  class space    used 12808K, capacity 14983K, committed 15052K, reserved 1048576K
}
Event: 37.399 GC heap before
{Heap before GC invocations=60 (full 3):
 PSYoungGen      total 1302016K, used 707339K [0x000000076ab00000, 0x00000007bf580000, 0x00000007c0000000)
  eden space 1223168K, 54% used [0x000000076ab00000,0x0000000793a1da50,0x00000007b5580000)
  from space 78848K, 46% used [0x00000007ba880000,0x00000007bcc25420,0x00000007bf580000)
  to   space 81920K, 0% used [0x00000007b5580000,0x00000007b5580000,0x00000007ba580000)
 ParOldGen       total 791040K, used 387307K [0x00000006c0000000, 0x00000006f0480000, 0x000000076ab00000)
  object space 791040K, 48% used [0x00000006c0000000,0x00000006d7a3ac80,0x00000006f0480000)
 Metaspace       used 89533K, capacity 98837K, committed 98936K, reserved 1132544K
  class space    used 13118K, capacity 15354K, committed 15436K, reserved 1048576K
Event: 37.411 GC heap after
Heap after GC invocations=60 (full 3):
 PSYoungGen      total 1305088K, used 33360K [0x000000076ab00000, 0x00000007bfd00000, 0x00000007c0000000)
  eden space 1223168K, 0% used [0x000000076ab00000,0x000000076ab00000,0x00000007b5580000)
  from space 81920K, 40% used [0x00000007b5580000,0x00000007b7614250,0x00000007ba580000)
  to   space 78848K, 0% used [0x00000007bb000000,0x00000007bb000000,0x00000007bfd00000)
 ParOldGen       total 791040K, used 392762K [0x00000006c0000000, 0x00000006f0480000, 0x000000076ab00000)
  object space 791040K, 49% used [0x00000006c0000000,0x00000006d7f8e9f0,0x00000006f0480000)
 Metaspace       used 89533K, capacity 98837K, committed 98936K, reserved 1132544K
  class space    used 13118K, capacity 15354K, committed 15436K, reserved 1048576K
}
Event: 37.411 GC heap before
{Heap before GC invocations=61 (full 4):
 PSYoungGen      total 1305088K, used 33360K [0x000000076ab00000, 0x00000007bfd00000, 0x00000007c0000000)
  eden space 1223168K, 0% used [0x000000076ab00000,0x000000076ab00000,0x00000007b5580000)
  from space 81920K, 40% used [0x00000007b5580000,0x00000007b7614250,0x00000007ba580000)
  to   space 78848K, 0% used [0x00000007bb000000,0x00000007bb000000,0x00000007bfd00000)
 ParOldGen       total 791040K, used 392762K [0x00000006c0000000, 0x00000006f0480000, 0x000000076ab00000)
  object space 791040K, 49% used [0x00000006c0000000,0x00000006d7f8e9f0,0x00000006f0480000)
 Metaspace       used 89533K, capacity 98837K, committed 98936K, reserved 1132544K
  class space    used 13118K, capacity 15354K, committed 15436K, reserved 1048576K
Event: 37.706 GC heap after
Heap after GC invocations=61 (full 4):
 PSYoungGen      total 1305088K, used 0K [0x000000076ab00000, 0x00000007bfd00000, 0x00000007c0000000)
  eden space 1223168K, 0% used [0x000000076ab00000,0x000000076ab00000,0x00000007b5580000)
  from space 81920K, 0% used [0x00000007b5580000,0x00000007b5580000,0x00000007ba580000)
  to   space 78848K, 0% used [0x00000007bb000000,0x00000007bb000000,0x00000007bfd00000)
 ParOldGen       total 1193984K, used 379793K [0x00000006c0000000, 0x0000000708e00000, 0x000000076ab00000)
  object space 1193984K, 31% used [0x00000006c0000000,0x00000006d72e4548,0x0000000708e00000)
 Metaspace       used 89517K, capacity 98797K, committed 98936K, reserved 1132544K
  class space    used 13112K, capacity 15344K, committed 15436K, reserved 1048576K
}

