# JRE version: OpenJDK Runtime Environment (8.0_212-b04) (build 1.8.0_212-b04)
# Java VM: OpenJDK 64-Bit Server VM (25.212-b04 mixed mode windows-amd64 compressed oops)
Heap:
 PSYoungGen      total 1341952K, used 229629K [0x000000076ab00000, 0x00000007bf880000, 0x00000007c0000000)
  eden space 1298432K, 16% used [0x000000076ab00000,0x0000000777bbaf08,0x00000007b9f00000)
  from space 43520K, 36% used [0x00000007b9f00000,0x00000007bae84838,0x00000007bc980000)
  to   space 40960K, 0% used [0x00000007bd080000,0x00000007bd080000,0x00000007bf880000)
 ParOldGen       total 880128K, used 156953K [0x00000006c0000000, 0x00000006f5b80000, 0x000000076ab00000)
  object space 880128K, 17% used [0x00000006c0000000,0x00000006c9946500,0x00000006f5b80000)
 Metaspace       used 63284K, capacity 69073K, committed 69080K, reserved 1107968K
  class space    used 9138K, capacity 10752K, committed 10752K, reserved 1048576K
GC Heap History (10 events):
Event: 8.998 GC heap before
{Heap before GC invocations=28 (full 3):
 PSYoungGen      total 1327104K, used 1281530K [0x000000076ab00000, 0x00000007bf380000, 0x00000007c0000000)
  eden space 1267712K, 100% used [0x000000076ab00000,0x00000007b8100000,0x00000007b8100000)
  from space 59392K, 23% used [0x00000007bb980000,0x00000007bc6feb50,0x00000007bf380000)
  to   space 57856K, 0% used [0x00000007b8100000,0x00000007b8100000,0x00000007bb980000)
 ParOldGen       total 880128K, used 156953K [0x00000006c0000000, 0x00000006f5b80000, 0x000000076ab00000)
  object space 880128K, 17% used [0x00000006c0000000,0x00000006c9946500,0x00000006f5b80000)
 Metaspace       used 63206K, capacity 69005K, committed 69080K, reserved 1107968K
  class space    used 9138K, capacity 10752K, committed 10752K, reserved 1048576K
Event: 9.002 GC heap after
Heap after GC invocations=28 (full 3):
 PSYoungGen      total 1325568K, used 14177K [0x000000076ab00000, 0x00000007bf680000, 0x00000007c0000000)
  eden space 1267712K, 0% used [0x000000076ab00000,0x000000076ab00000,0x00000007b8100000)
  from space 57856K, 24% used [0x00000007b8100000,0x00000007b8ed87f0,0x00000007bb980000)
  to   space 53760K, 0% used [0x00000007bc200000,0x00000007bc200000,0x00000007bf680000)
 ParOldGen       total 880128K, used 156953K [0x00000006c0000000, 0x00000006f5b80000, 0x000000076ab00000)
  object space 880128K, 17% used [0x00000006c0000000,0x00000006c9946500,0x00000006f5b80000)
 Metaspace       used 63206K, capacity 69005K, committed 69080K, reserved 1107968K
  class space    used 9138K, capacity 10752K, committed 10752K, reserved 1048576K
}
Event: 9.208 GC heap before
{Heap before GC invocations=29 (full 3):
 PSYoungGen      total 1325568K, used 1281889K [0x000000076ab00000, 0x00000007bf680000, 0x00000007c0000000)
  eden space 1267712K, 100% used [0x000000076ab00000,0x00000007b8100000,0x00000007b8100000)
  from space 57856K, 24% used [0x00000007b8100000,0x00000007b8ed87f0,0x00000007bb980000)
  to   space 53760K, 0% used [0x00000007bc200000,0x00000007bc200000,0x00000007bf680000)
 ParOldGen       total 880128K, used 156953K [0x00000006c0000000, 0x00000006f5b80000, 0x000000076ab00000)
  object space 880128K, 17% used [0x00000006c0000000,0x00000006c9946500,0x00000006f5b80000)
 Metaspace       used 63228K, capacity 69005K, committed 69080K, reserved 1107968K
  class space    used 9138K, capacity 10752K, committed 10752K, reserved 1048576K
Event: 9.213 GC heap after
Heap after GC invocations=29 (full 3):
 PSYoungGen      total 1336320K, used 14722K [0x000000076ab00000, 0x00000007bf500000, 0x00000007c0000000)
  eden space 1284096K, 0% used [0x000000076ab00000,0x000000076ab00000,0x00000007b9100000)
  from space 52224K, 28% used [0x00000007bc200000,0x00000007bd060800,0x00000007bf500000)
  to   space 50176K, 0% used [0x00000007b9100000,0x00000007b9100000,0x00000007bc200000)
 ParOldGen       total 880128K, used 156953K [0x00000006c0000000, 0x00000006f5b80000, 0x000000076ab00000)
  object space 880128K, 17% used [0x00000006c0000000,0x00000006c9946500,0x00000006f5b80000)
 Metaspace       used 63228K, capacity 69005K, committed 69080K, reserved 1107968K
  class space    used 9138K, capacity 10752K, committed 10752K, reserved 1048576K
}
Event: 9.423 GC heap before
{Heap before GC invocations=30 (full 3):
 PSYoungGen      total 1336320K, used 1298818K [0x000000076ab00000, 0x00000007bf500000, 0x00000007c0000000)
  eden space 1284096K, 100% used [0x000000076ab00000,0x00000007b9100000,0x00000007b9100000)
  from space 52224K, 28% used [0x00000007bc200000,0x00000007bd060800,0x00000007bf500000)
  to   space 50176K, 0% used [0x00000007b9100000,0x00000007b9100000,0x00000007bc200000)
 ParOldGen       total 880128K, used 156953K [0x00000006c0000000, 0x00000006f5b80000, 0x000000076ab00000)
  object space 880128K, 17% used [0x00000006c0000000,0x00000006c9946500,0x00000006f5b80000)
 Metaspace       used 63249K, capacity 69073K, committed 69080K, reserved 1107968K
  class space    used 9138K, capacity 10752K, committed 10752K, reserved 1048576K
Event: 9.427 GC heap after
Heap after GC invocations=30 (full 3):
 PSYoungGen      total 1334272K, used 15282K [0x000000076ab00000, 0x00000007bf700000, 0x00000007c0000000)
  eden space 1284096K, 0% used [0x000000076ab00000,0x000000076ab00000,0x00000007b9100000)
  from space 50176K, 30% used [0x00000007b9100000,0x00000007b9fec818,0x00000007bc200000)
  to   space 46592K, 0% used [0x00000007bc980000,0x00000007bc980000,0x00000007bf700000)
 ParOldGen       total 880128K, used 156953K [0x00000006c0000000, 0x00000006f5b80000, 0x000000076ab00000)
  object space 880128K, 17% used [0x00000006c0000000,0x00000006c9946500,0x00000006f5b80000)
 Metaspace       used 63249K, capacity 69073K, committed 69080K, reserved 1107968K
  class space    used 9138K, capacity 10752K, committed 10752K, reserved 1048576K
}
Event: 9.634 GC heap before
{Heap before GC invocations=31 (full 3):
 PSYoungGen      total 1334272K, used 1299378K [0x000000076ab00000, 0x00000007bf700000, 0x00000007c0000000)
  eden space 1284096K, 100% used [0x000000076ab00000,0x00000007b9100000,0x00000007b9100000)
  from space 50176K, 30% used [0x00000007b9100000,0x00000007b9fec818,0x00000007bc200000)
  to   space 46592K, 0% used [0x00000007bc980000,0x00000007bc980000,0x00000007bf700000)
 ParOldGen       total 880128K, used 156953K [0x00000006c0000000, 0x00000006f5b80000, 0x000000076ab00000)
  object space 880128K, 17% used [0x00000006c0000000,0x00000006c9946500,0x00000006f5b80000)
 Metaspace       used 63272K, capacity 69073K, committed 69080K, reserved 1107968K
  class space    used 9138K, capacity 10752K, committed 10752K, reserved 1048576K
Event: 9.639 GC heap after
Heap after GC invocations=31 (full 3):
 PSYoungGen      total 1344512K, used 15586K [0x000000076ab00000, 0x00000007bf680000, 0x00000007c0000000)
  eden space 1298432K, 0% used [0x000000076ab00000,0x000000076ab00000,0x00000007b9f00000)
  from space 46080K, 33% used [0x00000007bc980000,0x00000007bd8b8898,0x00000007bf680000)
  to   space 43520K, 0% used [0x00000007b9f00000,0x00000007b9f00000,0x00000007bc980000)
 ParOldGen       total 880128K, used 156953K [0x00000006c0000000, 0x00000006f5b80000, 0x000000076ab00000)
  object space 880128K, 17% used [0x00000006c0000000,0x00000006c9946500,0x00000006f5b80000)
 Metaspace       used 63272K, capacity 69073K, committed 69080K, reserved 1107968K
  class space    used 9138K, capacity 10752K, committed 10752K, reserved 1048576K
}
Event: 9.836 GC heap before
{Heap before GC invocations=32 (full 3):
 PSYoungGen      total 1344512K, used 1314018K [0x000000076ab00000, 0x00000007bf680000, 0x00000007c0000000)
  eden space 1298432K, 100% used [0x000000076ab00000,0x00000007b9f00000,0x00000007b9f00000)
  from space 46080K, 33% used [0x00000007bc980000,0x00000007bd8b8898,0x00000007bf680000)
  to   space 43520K, 0% used [0x00000007b9f00000,0x00000007b9f00000,0x00000007bc980000)
 ParOldGen       total 880128K, used 156953K [0x00000006c0000000, 0x00000006f5b80000, 0x000000076ab00000)
  object space 880128K, 17% used [0x00000006c0000000,0x00000006c9946500,0x00000006f5b80000)
 Metaspace       used 63284K, capacity 69073K, committed 69080K, reserved 1107968K
  class space    used 9138K, capacity 10752K, committed 10752K, reserved 1048576K
Event: 9.841 GC heap after
Heap after GC invocations=32 (full 3):
 PSYoungGen      total 1341952K, used 15890K [0x000000076ab00000, 0x00000007bf880000, 0x00000007c0000000)
  eden space 1298432K, 0% used [0x000000076ab00000,0x000000076ab00000,0x00000007b9f00000)
  from space 43520K, 36% used [0x00000007b9f00000,0x00000007bae84838,0x00000007bc980000)
  to   space 40960K, 0% used [0x00000007bd080000,0x00000007bd080000,0x00000007bf880000)
 ParOldGen       total 880128K, used 156953K [0x00000006c0000000, 0x00000006f5b80000, 0x000000076ab00000)
  object space 880128K, 17% used [0x00000006c0000000,0x00000006c9946500,0x00000006f5b80000)
 Metaspace       used 63284K, capacity 69073K, committed 69080K, reserved 1107968K
  class space    used 9138K, capacity 10752K, committed 10752K, reserved 1048576K
}

